<?xml version="1.0" encoding="UTF-8"?>
<testng-results ignored="0" total="1" passed="1" failed="0" skipped="0">
  <reporter-output>
  </reporter-output>
  <suite started-at="2022-07-27T17:58:52 AST" name="Default suite" finished-at="2022-07-27T17:59:29 AST" duration-ms="37245">
    <groups>
    </groups>
    <test started-at="2022-07-27T17:58:52 AST" name="Default test" finished-at="2022-07-27T17:59:29 AST" duration-ms="37245">
      <class name="ass2textfunctionXPath.ChromWebDriver">
        <test-method is-config="true" signature="setUp()[pri:0, instance:ass2textfunctionXPath.ChromWebDriver@7880cdf3]" started-at="2022-07-27T17:58:52 AST" name="setUp" finished-at="2022-07-27T17:58:58 AST" duration-ms="6502" status="PASS">
          <reporter-output>
          </reporter-output>
        </test-method> <!-- setUp -->
        <test-method signature="LearnEnglishWebSite()[pri:0, instance:ass2textfunctionXPath.ChromWebDriver@7880cdf3]" started-at="2022-07-27T17:58:58 AST" name="LearnEnglishWebSite" finished-at="2022-07-27T17:59:29 AST" duration-ms="30308" status="PASS">
          <reporter-output>
          </reporter-output>
        </test-method> <!-- LearnEnglishWebSite -->
        <test-method is-config="true" signature="terminateBrowser()[pri:0, instance:ass2textfunctionXPath.ChromWebDriver@7880cdf3]" started-at="2022-07-27T17:59:29 AST" name="terminateBrowser" finished-at="2022-07-27T17:59:29 AST" duration-ms="371" status="PASS">
          <reporter-output>
          </reporter-output>
        </test-method> <!-- terminateBrowser -->
      </class> <!-- ass2textfunctionXPath.ChromWebDriver -->
    </test> <!-- Default test -->
  </suite> <!-- Default suite -->
</testng-results>
